2010-01-22 08:58:09,440 [4] INFO  NHibernate.Cfg.Environment - NHibernate 2.1.0.4000 (2.1.0.4000)
2010-01-22 08:58:09,457 [4] INFO  NHibernate.Cfg.Environment - hibernate-configuration section not found in application configuration file
2010-01-22 08:58:09,458 [4] INFO  NHibernate.Cfg.Environment - Bytecode provider name : lcg
2010-01-22 08:58:09,460 [4] INFO  NHibernate.Cfg.Environment - Using reflection optimizer
2010-01-22 08:58:09,504 [4] DEBUG NHibernate.Cfg.Configuration - connection.driver_class=NHibernate.Driver.SqlClientDriver
2010-01-22 08:58:09,504 [4] DEBUG NHibernate.Cfg.Configuration - connection.connection_string=server=.\SQLExpress;database=NHibernateSample;
			Integrated Security=true;
2010-01-22 08:58:09,504 [4] DEBUG NHibernate.Cfg.Configuration - show_sql=false
2010-01-22 08:58:09,504 [4] DEBUG NHibernate.Cfg.Configuration - dialect=NHibernate.Dialect.MsSql2005Dialect
2010-01-22 08:58:09,504 [4] DEBUG NHibernate.Cfg.Configuration - adonet.batch_size=100
2010-01-22 08:58:09,504 [4] DEBUG NHibernate.Cfg.Configuration - proxyfactory.factory_class=NHibernate.ByteCode.LinFu.ProxyFactoryFactory,
      NHibernate.ByteCode.LinFu
2010-01-22 08:58:09,505 [4] DEBUG NHibernate.Cfg.Configuration - properties: System.Collections.Generic.Dictionary`2[System.String,System.String]
2010-01-22 08:58:09,807 [4] DEBUG NHibernate.Cfg.Configuration - Mapping XML:
<hibernate-mapping xmlns="urn:nhibernate-mapping-2.2" default-access="property" auto-import="true" default-cascade="none" default-lazy="true"><class xmlns="urn:nhibernate-mapping-2.2" dynamic-update="true" name="Core.Visitor, Core, Version=1.0.0.0, Culture=neutral, PublicKeyToken=null" table="Visitor"><id name="Id" type="System.Guid, mscorlib, Version=2.0.0.0, Culture=neutral, PublicKeyToken=b77a5c561934e089"><column name="Id" /><generator class="guid.comb" /></id><property name="PathAndQuerystring" type="System.String, mscorlib, Version=2.0.0.0, Culture=neutral, PublicKeyToken=b77a5c561934e089"><column name="PathAndQuerystring" length="4000" not-null="true" /></property><property name="LoginName" type="System.String, mscorlib, Version=2.0.0.0, Culture=neutral, PublicKeyToken=b77a5c561934e089"><column name="LoginName" length="255" not-null="true" /></property><property name="Browser" type="System.String, mscorlib, Version=2.0.0.0, Culture=neutral, PublicKeyToken=b77a5c561934e089"><column name="Browser" length="4000" not-null="true" /></property><property name="VisitDate" type="System.DateTime, mscorlib, Version=2.0.0.0, Culture=neutral, PublicKeyToken=b77a5c561934e089"><column name="VisitDate" not-null="true" /></property><property name="IpAddress" type="System.String, mscorlib, Version=2.0.0.0, Culture=neutral, PublicKeyToken=b77a5c561934e089"><column name="IpAddress" not-null="true" /></property></class></hibernate-mapping>
2010-01-22 08:58:09,869 [4] INFO  NHibernate.Dialect.Dialect - Using dialect: NHibernate.Dialect.MsSql2005Dialect
2010-01-22 08:58:10,904 [4] INFO  NHibernate.Cfg.XmlHbmBinding.Binder - Mapping class: Core.Visitor -> Visitor
2010-01-22 08:58:10,952 [4] DEBUG NHibernate.Cfg.XmlHbmBinding.Binder - Mapped property: Id -> Id, type: Guid
2010-01-22 08:58:10,975 [4] DEBUG NHibernate.Cfg.XmlHbmBinding.Binder - Mapped property: PathAndQuerystring -> PathAndQuerystring, type: String
2010-01-22 08:58:10,987 [4] DEBUG NHibernate.Cfg.XmlHbmBinding.Binder - Mapped property: LoginName -> LoginName, type: String
2010-01-22 08:58:10,987 [4] DEBUG NHibernate.Cfg.XmlHbmBinding.Binder - Mapped property: Browser -> Browser, type: String
2010-01-22 08:58:10,987 [4] DEBUG NHibernate.Cfg.XmlHbmBinding.Binder - Mapped property: VisitDate -> VisitDate, type: DateTime
2010-01-22 08:58:10,987 [4] DEBUG NHibernate.Cfg.XmlHbmBinding.Binder - Mapped property: IpAddress -> IpAddress, type: String
2010-01-22 08:58:10,992 [4] INFO  NHibernate.Cfg.Configuration - checking mappings queue
2010-01-22 08:58:10,993 [4] INFO  NHibernate.Cfg.Configuration - processing one-to-many association mappings
2010-01-22 08:58:10,993 [4] INFO  NHibernate.Cfg.Configuration - processing one-to-one association property references
2010-01-22 08:58:10,993 [4] INFO  NHibernate.Cfg.Configuration - processing foreign key constraints
2010-01-22 08:58:11,011 [4] INFO  NHibernate.Dialect.Dialect - Using dialect: NHibernate.Dialect.MsSql2005Dialect
2010-01-22 08:58:11,012 [4] INFO  NHibernate.Exceptions.SQLExceptionConverterFactory - Using dialect defined converter
2010-01-22 08:58:11,012 [4] INFO  NHibernate.Cfg.SettingsFactory - Generate SQL with comments: disabled
2010-01-22 08:58:11,013 [4] INFO  NHibernate.Connection.ConnectionProvider - Configuring ConnectionProvider
2010-01-22 08:58:11,014 [4] INFO  NHibernate.Cfg.SettingsFactory - Transaction factory: NHibernate.Transaction.AdoNetWithDistrubtedTransactionFactory
2010-01-22 08:58:11,015 [4] INFO  NHibernate.Cfg.SettingsFactory - Optimize cache for minimal puts: False
2010-01-22 08:58:11,015 [4] INFO  NHibernate.Cfg.SettingsFactory - Connection release mode: auto
2010-01-22 08:58:11,015 [4] INFO  NHibernate.Cfg.SettingsFactory - Default batch fetch size: 1
2010-01-22 08:58:11,015 [4] INFO  NHibernate.Cfg.SettingsFactory - Statistics: disabled
2010-01-22 08:58:11,015 [4] INFO  NHibernate.Cfg.SettingsFactory - Deleted entity synthetic identifier rollback: disabled
2010-01-22 08:58:11,015 [4] INFO  NHibernate.Cfg.SettingsFactory - Query translator: NHibernate.Hql.Ast.ANTLR.ASTQueryTranslatorFactory
2010-01-22 08:58:11,016 [4] INFO  NHibernate.Cfg.SettingsFactory - Query language substitutions: {}
2010-01-22 08:58:11,016 [4] INFO  NHibernate.Cfg.SettingsFactory - cache provider: NHibernate.Cache.NoCacheProvider, NHibernate, Version=2.1.0.4000, Culture=neutral, PublicKeyToken=aa95f207798dfdb4
2010-01-22 08:58:11,017 [4] DEBUG NHibernate.Cfg.SettingsFactory - Wrap result sets: disabled
2010-01-22 08:58:11,017 [4] INFO  NHibernate.Cfg.SettingsFactory - Batcher factory: NHibernate.AdoNet.SqlClientBatchingBatcherFactory, NHibernate, Version=2.1.0.4000, Culture=neutral, PublicKeyToken=aa95f207798dfdb4
2010-01-22 08:58:11,017 [4] INFO  NHibernate.Cfg.SettingsFactory - Default entity-mode: Poco
2010-01-22 08:58:11,017 [4] INFO  NHibernate.Cfg.SettingsFactory - Named query checking : enabled
2010-01-22 08:58:11,053 [4] INFO  NHibernate.Impl.SessionFactoryImpl - building session factory
2010-01-22 08:58:11,054 [4] DEBUG NHibernate.Impl.SessionFactoryImpl - Session factory constructed with filter configurations : {}
2010-01-22 08:58:11,054 [4] DEBUG NHibernate.Impl.SessionFactoryImpl - instantiating session factory with properties: {'use_reflection_optimizer'='True', 'connection.driver_class'='NHibernate.Driver.SqlClientDriver', 'connection.connection_string'='server=.\SQLExpress;database=NHibernateSample;
			Integrated Security=true;', 'show_sql'='false', 'dialect'='NHibernate.Dialect.MsSql2005Dialect', 'adonet.batch_size'='100', 'proxyfactory.factory_class'='NHibernate.ByteCode.LinFu.ProxyFactoryFactory,
      NHibernate.ByteCode.LinFu'}
2010-01-22 08:58:11,055 [4] DEBUG NHibernate.Connection.DriverConnectionProvider - Obtaining IDbConnection from Driver
2010-01-22 08:58:11,190 [4] DEBUG NHibernate.Connection.ConnectionProvider - Closing connection
2010-01-22 08:58:11,276 [4] DEBUG NHibernate.Tuple.Entity.AbstractEntityTuplizer - No custom accessors found for entity: Core.Visitor
2010-01-22 08:58:11,279 [4] DEBUG NHibernate.Tuple.Entity.AbstractEntityTuplizer - No custom accessors found for entity: Core.Visitor
2010-01-22 08:58:11,311 [4] DEBUG NHibernate.Tuple.Entity.PocoEntityTuplizer - Create Instantiator using optimizer for:Core.Visitor
2010-01-22 08:58:11,389 [4] DEBUG NHibernate.Persister.Entity.AbstractEntityPersister - Static SQL for entity: Core.Visitor
2010-01-22 08:58:11,389 [4] DEBUG NHibernate.Persister.Entity.AbstractEntityPersister -  Version select: SELECT Id FROM Visitor WHERE Id = ?
2010-01-22 08:58:11,389 [4] DEBUG NHibernate.Persister.Entity.AbstractEntityPersister -  Snapshot select: SELECT visitor_.Id, visitor_.PathAndQuerystring as PathAndQ2_0_, visitor_.LoginName as LoginName0_, visitor_.Browser as Browser0_, visitor_.VisitDate as VisitDate0_, visitor_.IpAddress as IpAddress0_ FROM Visitor visitor_ WHERE visitor_.Id=?
2010-01-22 08:58:11,389 [4] DEBUG NHibernate.Persister.Entity.AbstractEntityPersister -  Insert 0: INSERT INTO Visitor (PathAndQuerystring, LoginName, Browser, VisitDate, IpAddress, Id) VALUES (?, ?, ?, ?, ?, ?)
2010-01-22 08:58:11,389 [4] DEBUG NHibernate.Persister.Entity.AbstractEntityPersister -  Update 0: UPDATE Visitor SET PathAndQuerystring = ?, LoginName = ?, Browser = ?, VisitDate = ?, IpAddress = ? WHERE Id = ?
2010-01-22 08:58:11,389 [4] DEBUG NHibernate.Persister.Entity.AbstractEntityPersister -  Delete 0: DELETE FROM Visitor WHERE Id = ?
2010-01-22 08:58:11,417 [4] DEBUG NHibernate.Loader.Entity.AbstractEntityLoader - Static select for entity Core.Visitor: SELECT visitor0_.Id as Id0_0_, visitor0_.PathAndQuerystring as PathAndQ2_0_0_, visitor0_.LoginName as LoginName0_0_, visitor0_.Browser as Browser0_0_, visitor0_.VisitDate as VisitDate0_0_, visitor0_.IpAddress as IpAddress0_0_ FROM Visitor visitor0_ WHERE visitor0_.Id=?
2010-01-22 08:58:11,418 [4] DEBUG NHibernate.Loader.Entity.AbstractEntityLoader - Static select for entity Core.Visitor: SELECT visitor0_.Id as Id0_0_, visitor0_.PathAndQuerystring as PathAndQ2_0_0_, visitor0_.LoginName as LoginName0_0_, visitor0_.Browser as Browser0_0_, visitor0_.VisitDate as VisitDate0_0_, visitor0_.IpAddress as IpAddress0_0_ FROM Visitor visitor0_ WHERE visitor0_.Id=?
2010-01-22 08:58:11,419 [4] DEBUG NHibernate.Loader.Entity.AbstractEntityLoader - Static select for entity Core.Visitor: SELECT visitor0_.Id as Id0_0_, visitor0_.PathAndQuerystring as PathAndQ2_0_0_, visitor0_.LoginName as LoginName0_0_, visitor0_.Browser as Browser0_0_, visitor0_.VisitDate as VisitDate0_0_, visitor0_.IpAddress as IpAddress0_0_ FROM Visitor visitor0_ with (updlock, rowlock) WHERE visitor0_.Id=?
2010-01-22 08:58:11,419 [4] DEBUG NHibernate.Loader.Entity.AbstractEntityLoader - Static select for entity Core.Visitor: SELECT visitor0_.Id as Id0_0_, visitor0_.PathAndQuerystring as PathAndQ2_0_0_, visitor0_.LoginName as LoginName0_0_, visitor0_.Browser as Browser0_0_, visitor0_.VisitDate as VisitDate0_0_, visitor0_.IpAddress as IpAddress0_0_ FROM Visitor visitor0_ with (updlock, rowlock) WHERE visitor0_.Id=?
2010-01-22 08:58:11,419 [4] DEBUG NHibernate.Loader.Entity.AbstractEntityLoader - Static select for entity Core.Visitor: SELECT visitor0_.Id as Id0_0_, visitor0_.PathAndQuerystring as PathAndQ2_0_0_, visitor0_.LoginName as LoginName0_0_, visitor0_.Browser as Browser0_0_, visitor0_.VisitDate as VisitDate0_0_, visitor0_.IpAddress as IpAddress0_0_ FROM Visitor visitor0_ with (updlock, rowlock) WHERE visitor0_.Id=?
2010-01-22 08:58:11,420 [4] DEBUG NHibernate.Loader.Entity.AbstractEntityLoader - Static select for action NHibernate.Engine.CascadingAction+MergeCascadingAction on entity Core.Visitor: SELECT visitor0_.Id as Id0_0_, visitor0_.PathAndQuerystring as PathAndQ2_0_0_, visitor0_.LoginName as LoginName0_0_, visitor0_.Browser as Browser0_0_, visitor0_.VisitDate as VisitDate0_0_, visitor0_.IpAddress as IpAddress0_0_ FROM Visitor visitor0_ WHERE visitor0_.Id=?
2010-01-22 08:58:11,420 [4] DEBUG NHibernate.Loader.Entity.AbstractEntityLoader - Static select for action NHibernate.Engine.CascadingAction+RefreshCascadingAction on entity Core.Visitor: SELECT visitor0_.Id as Id0_0_, visitor0_.PathAndQuerystring as PathAndQ2_0_0_, visitor0_.LoginName as LoginName0_0_, visitor0_.Browser as Browser0_0_, visitor0_.VisitDate as VisitDate0_0_, visitor0_.IpAddress as IpAddress0_0_ FROM Visitor visitor0_ WHERE visitor0_.Id=?
2010-01-22 08:58:11,421 [4] DEBUG NHibernate.Impl.SessionFactoryObjectFactory - initializing class SessionFactoryObjectFactory
2010-01-22 08:58:11,421 [4] DEBUG NHibernate.Impl.SessionFactoryObjectFactory - registered: f8e3ea1e8c2147dfb5a45ac4f40eb42f(unnamed)
2010-01-22 08:58:11,421 [4] INFO  NHibernate.Impl.SessionFactoryObjectFactory - no name configured
2010-01-22 08:58:11,421 [4] DEBUG NHibernate.Impl.SessionFactoryImpl - Instantiated session factory
2010-01-22 08:58:11,428 [4] DEBUG NHibernate.Impl.SessionFactoryImpl - Checking 0 named HQL queries
2010-01-22 08:58:11,429 [4] DEBUG NHibernate.Impl.SessionFactoryImpl - Checking 0 named SQL queries
2010-01-22 08:58:11,448 [4] DEBUG NHibernate.Impl.SessionImpl - [session-id=576ef5b5-7490-47fb-bff5-4a03be65d7f6] opened session at timestamp:633997474914
2010-01-22 08:58:11,450 [4] DEBUG NHibernate.Transaction.AdoTransaction - Begin (Unspecified)
2010-01-22 08:58:11,450 [4] DEBUG NHibernate.Connection.DriverConnectionProvider - Obtaining IDbConnection from Driver
2010-01-22 08:58:11,653 [4] DEBUG NHibernate.Engine.IdentifierValue - unsaved-value: 00000000-0000-0000-0000-000000000000
2010-01-22 08:58:11,653 [4] DEBUG NHibernate.Event.Default.AbstractSaveEventListener - transient instance of: Core.Visitor
2010-01-22 08:58:11,653 [4] DEBUG NHibernate.Event.Default.DefaultSaveOrUpdateEventListener - saving transient instance
2010-01-22 08:58:11,655 [4] DEBUG NHibernate.Event.Default.AbstractSaveEventListener - generated identifier: 3fa34735-1e79-449c-bf83-9d060093d1c9, using strategy: NHibernate.Id.GuidCombGenerator
2010-01-22 08:58:11,656 [4] DEBUG NHibernate.Event.Default.AbstractSaveEventListener - saving [Core.Visitor#3fa34735-1e79-449c-bf83-9d060093d1c9]
2010-01-22 08:58:11,675 [4] DEBUG NHibernate.Engine.Query.QueryPlanCache - unable to locate HQL query plan in cache; generating (select v from Visitor v order by v.VisitDate desc)
2010-01-22 08:58:11,762 [4] DEBUG NHibernate.Hql.Ast.ANTLR.HqlParseEngine - parse() - HQL: select v from Core.Visitor v order by v.VisitDate desc
2010-01-22 08:58:11,840 [4] DEBUG NHibernate.Hql.Ast.ANTLR.ErrorCounter - throwQueryException() : no errors
2010-01-22 08:58:11,856 [4] DEBUG NHibernate.Hql.Ast.ANTLR.HqlSqlWalker - select << begin [level=1, statement=select]
2010-01-22 08:58:11,873 [4] DEBUG NHibernate.Hql.Ast.ANTLR.Tree.FromElement - FromClause{level=1} :  Core.Visitor (v) -> visitor0_
2010-01-22 08:58:11,888 [4] DEBUG NHibernate.Hql.Ast.ANTLR.Tree.FromReferenceNode - Resolved :  v -> visitor0_.Id
2010-01-22 08:58:11,900 [4] DEBUG NHibernate.Hql.Ast.ANTLR.Tree.FromReferenceNode - Resolved :  v -> visitor0_.Id
2010-01-22 08:58:11,904 [4] INFO  NHibernate.Hql.Ast.ANTLR.Tree.FromElement - handling property dereference [Core.Visitor (v) -> VisitDate (Class)]
2010-01-22 08:58:11,906 [4] DEBUG NHibernate.Hql.Ast.ANTLR.Tree.DotNode - getDataType() : VisitDate -> NHibernate.Type.DateTimeType
2010-01-22 08:58:11,908 [4] DEBUG NHibernate.Hql.Ast.ANTLR.Tree.FromReferenceNode - Resolved :  v.VisitDate -> visitor0_.VisitDate
2010-01-22 08:58:11,909 [4] DEBUG NHibernate.Hql.Ast.ANTLR.HqlSqlWalker - select : finishing up [level=1, statement=select]
2010-01-22 08:58:11,911 [4] DEBUG NHibernate.Hql.Ast.ANTLR.HqlSqlWalker - processQuery() : ( SELECT ( {select clause} visitor0_.Id ) ( FromClause{level=1} Visitor visitor0_ ) ( order ( visitor0_.VisitDate visitor0_.Id VisitDate ) desc ) )
2010-01-22 08:58:11,933 [4] DEBUG NHibernate.Hql.Ast.ANTLR.Util.JoinProcessor - Using FROM fragment [Visitor visitor0_]
2010-01-22 08:58:11,936 [4] DEBUG NHibernate.Hql.Ast.ANTLR.HqlSqlWalker - select >> end [level=1, statement=select]
2010-01-22 08:58:11,937 [4] DEBUG NHibernate.Hql.Ast.ANTLR.ErrorCounter - throwQueryException() : no errors
2010-01-22 08:58:11,966 [4] DEBUG NHibernate.Hql.Ast.ANTLR.HqlSqlGenerator - SQL: select visitor0_.Id as Id0_, visitor0_.PathAndQuerystring as PathAndQ2_0_, visitor0_.LoginName as LoginName0_, visitor0_.Browser as Browser0_, visitor0_.VisitDate as VisitDate0_, visitor0_.IpAddress as IpAddress0_ from Visitor visitor0_ order by visitor0_.VisitDate desc
2010-01-22 08:58:11,967 [4] DEBUG NHibernate.Hql.Ast.ANTLR.ErrorCounter - throwQueryException() : no errors
2010-01-22 08:58:11,984 [4] DEBUG NHibernate.Engine.Query.HQLQueryPlan - HQL param location recognition took 10000 mills (select v from Visitor v order by v.VisitDate desc)
2010-01-22 08:58:11,996 [4] DEBUG NHibernate.Engine.Query.QueryPlanCache - located HQL query plan in cache (select v from Visitor v order by v.VisitDate desc)
2010-01-22 08:58:11,999 [4] DEBUG NHibernate.Event.Default.AbstractFlushingEventListener - flushing session
2010-01-22 08:58:12,000 [4] DEBUG NHibernate.Event.Default.AbstractFlushingEventListener - processing flush-time cascades
2010-01-22 08:58:12,003 [4] DEBUG NHibernate.Event.Default.AbstractFlushingEventListener - dirty checking collections
2010-01-22 08:58:12,004 [4] DEBUG NHibernate.Event.Default.AbstractFlushingEventListener - Flushing entities and processing referenced collections
2010-01-22 08:58:12,014 [4] DEBUG NHibernate.Event.Default.AbstractFlushingEventListener - Processing unreferenced collections
2010-01-22 08:58:12,014 [4] DEBUG NHibernate.Event.Default.AbstractFlushingEventListener - Scheduling collection removes/(re)creates/updates
2010-01-22 08:58:12,015 [4] DEBUG NHibernate.Event.Default.AbstractFlushingEventListener - Flushed: 1 insertions, 0 updates, 0 deletions to 1 objects
2010-01-22 08:58:12,015 [4] DEBUG NHibernate.Event.Default.AbstractFlushingEventListener - Flushed: 0 (re)creations, 0 updates, 0 removals to 0 collections
2010-01-22 08:58:12,015 [4] DEBUG NHibernate.Impl.Printer - listing entities:
2010-01-22 08:58:12,017 [4] DEBUG NHibernate.Impl.Printer - Core.Visitor{'Id'='3fa34735-1e79-449c-bf83-9d060093d1c9', 'PathAndQuerystring'='/', 'LoginName'='Jeffrey-PC\Jeffrey', 'Browser'='Mozilla/4.0 (compatible; MSIE 8.0; Windows NT 6.1; WOW64; Trident/4.0; SLCC2; .NET CLR 2.0.50727; .NET CLR 3.5.30729; .NET CLR 3.0.30729; Media Center PC 6.0; OfficeLiveConnector.1.4; OfficeLivePatch.1.3; MS-RTC LM 8)', 'VisitDate'='1/22/2010 8:58:11 AM', 'IpAddress'='127.0.0.1'}
2010-01-22 08:58:12,020 [4] DEBUG NHibernate.Engine.ActionQueue - changes must be flushed to space: Visitor
2010-01-22 08:58:12,020 [4] DEBUG NHibernate.Event.Default.DefaultAutoFlushEventListener - Need to execute flush
2010-01-22 08:58:12,020 [4] DEBUG NHibernate.Event.Default.AbstractFlushingEventListener - executing flush
2010-01-22 08:58:12,020 [4] DEBUG NHibernate.AdoNet.ConnectionManager - registering flush begin
2010-01-22 08:58:12,027 [4] DEBUG NHibernate.Persister.Entity.AbstractEntityPersister - Inserting entity: [Core.Visitor#3fa34735-1e79-449c-bf83-9d060093d1c9]
2010-01-22 08:58:12,034 [4] DEBUG NHibernate.AdoNet.AbstractBatcher - Opened new IDbCommand, open IDbCommands: 1
2010-01-22 08:58:12,035 [4] DEBUG NHibernate.AdoNet.AbstractBatcher - Building an IDbCommand object for the SqlString: INSERT INTO Visitor (PathAndQuerystring, LoginName, Browser, VisitDate, IpAddress, Id) VALUES (?, ?, ?, ?, ?, ?)
2010-01-22 08:58:12,037 [4] DEBUG NHibernate.Persister.Entity.AbstractEntityPersister - Dehydrating entity: [Core.Visitor#3fa34735-1e79-449c-bf83-9d060093d1c9]
2010-01-22 08:58:12,038 [4] DEBUG NHibernate.Type.StringType - binding '/' to parameter: 0
2010-01-22 08:58:12,038 [4] DEBUG NHibernate.Type.StringType - binding 'Jeffrey-PC\Jeffrey' to parameter: 1
2010-01-22 08:58:12,038 [4] DEBUG NHibernate.Type.StringType - binding 'Mozilla/4.0 (compatible; MSIE 8.0; Windows NT 6.1; WOW64; Trident/4.0; SLCC2; .NET CLR 2.0.50727; .NET CLR 3.5.30729; .NET CLR 3.0.30729; Media Center PC 6.0; OfficeLiveConnector.1.4; OfficeLivePatch.1.3; MS-RTC LM 8)' to parameter: 2
2010-01-22 08:58:12,038 [4] DEBUG NHibernate.Type.DateTimeType - binding '1/22/2010 8:58:11 AM' to parameter: 3
2010-01-22 08:58:12,039 [4] DEBUG NHibernate.Type.StringType - binding '127.0.0.1' to parameter: 4
2010-01-22 08:58:12,039 [4] DEBUG NHibernate.Type.GuidType - binding '3fa34735-1e79-449c-bf83-9d060093d1c9' to parameter: 5
2010-01-22 08:58:12,043 [4] DEBUG NHibernate.AdoNet.AbstractBatcher - Adding to batch:INSERT INTO Visitor (PathAndQuerystring, LoginName, Browser, VisitDate, IpAddress, Id) VALUES (@p0, @p1, @p2, @p3, @p4, @p5);@p0 = '/', @p1 = 'Jeffrey-PC\Jeffrey', @p2 = 'Mozilla/4.0 (compatible; MSIE 8.0; Windows NT 6.1; WOW64; Trident/4.0; SLCC2; .NET CLR 2.0.50727; .NET CLR 3.5.30729; .NET CLR 3.0.30729; Media Center PC 6.0; OfficeLiveConnector.1.4; OfficeLivePatch.1.3; MS-RTC LM 8)', @p3 = 1/22/2010 8:58:11 AM, @p4 = '127.0.0.1', @p5 = 3fa34735-1e79-449c-bf83-9d060093d1c9
2010-01-22 08:58:12,049 [4] DEBUG NHibernate.AdoNet.AbstractBatcher - Executing batch
2010-01-22 08:58:12,051 [4] DEBUG NHibernate.Transaction.AdoTransaction - Enlist Command
2010-01-22 08:58:12,051 [4] DEBUG NHibernate.SQL - Batch commands:
command 0:INSERT INTO Visitor (PathAndQuerystring, LoginName, Browser, VisitDate, IpAddress, Id) VALUES (@p0, @p1, @p2, @p3, @p4, @p5);@p0 = '/', @p1 = 'Jeffrey-PC\Jeffrey', @p2 = 'Mozilla/4.0 (compatible; MSIE 8.0; Windows NT 6.1; WOW64; Trident/4.0; SLCC2; .NET CLR 2.0.50727; .NET CLR 3.5.30729; .NET CLR 3.0.30729; Media Center PC 6.0; OfficeLiveConnector.1.4; OfficeLivePatch.1.3; MS-RTC LM 8)', @p3 = 1/22/2010 8:58:11 AM, @p4 = '127.0.0.1', @p5 = 3fa34735-1e79-449c-bf83-9d060093d1c9

2010-01-22 08:58:12,077 [4] DEBUG NHibernate.AdoNet.AbstractBatcher - ExecuteBatch for 1 statements took 28 ms
2010-01-22 08:58:12,079 [4] DEBUG NHibernate.AdoNet.AbstractBatcher - Closed IDbCommand, open IDbCommands: 0
2010-01-22 08:58:12,079 [4] DEBUG NHibernate.AdoNet.ConnectionManager - registering flush end
2010-01-22 08:58:12,081 [4] DEBUG NHibernate.Event.Default.AbstractFlushingEventListener - post flush
2010-01-22 08:58:12,082 [4] DEBUG NHibernate.Engine.Query.HQLQueryPlan - find: select v from Visitor v order by v.VisitDate desc
2010-01-22 08:58:12,084 [4] DEBUG NHibernate.Engine.QueryParameters - named parameters: {}
2010-01-22 08:58:12,105 [4] DEBUG NHibernate.AdoNet.AbstractBatcher - Opened new IDbCommand, open IDbCommands: 1
2010-01-22 08:58:12,105 [4] DEBUG NHibernate.AdoNet.AbstractBatcher - Building an IDbCommand object for the SqlString: select top 10 visitor0_.Id as Id0_, visitor0_.PathAndQuerystring as PathAndQ2_0_, visitor0_.LoginName as LoginName0_, visitor0_.Browser as Browser0_, visitor0_.VisitDate as VisitDate0_, visitor0_.IpAddress as IpAddress0_ from Visitor visitor0_ order by visitor0_.VisitDate desc
2010-01-22 08:58:12,107 [4] INFO  NHibernate.Loader.Loader - select top 10 visitor0_.Id as Id0_, visitor0_.PathAndQuerystring as PathAndQ2_0_, visitor0_.LoginName as LoginName0_, visitor0_.Browser as Browser0_, visitor0_.VisitDate as VisitDate0_, visitor0_.IpAddress as IpAddress0_ from Visitor visitor0_ order by visitor0_.VisitDate desc
2010-01-22 08:58:12,107 [4] DEBUG NHibernate.SQL - select top 10 visitor0_.Id as Id0_, visitor0_.PathAndQuerystring as PathAndQ2_0_, visitor0_.LoginName as LoginName0_, visitor0_.Browser as Browser0_, visitor0_.VisitDate as VisitDate0_, visitor0_.IpAddress as IpAddress0_ from Visitor visitor0_ order by visitor0_.VisitDate desc
2010-01-22 08:58:12,108 [4] DEBUG NHibernate.Transaction.AdoTransaction - Enlist Command
2010-01-22 08:58:12,109 [4] DEBUG NHibernate.AdoNet.AbstractBatcher - ExecuteReader took 1 ms
2010-01-22 08:58:12,110 [4] DEBUG NHibernate.AdoNet.AbstractBatcher - Opened IDataReader, open IDataReaders: 1
2010-01-22 08:58:12,111 [4] DEBUG NHibernate.Loader.Loader - processing result set
2010-01-22 08:58:12,111 [4] DEBUG NHibernate.Loader.Loader - result set row: 0
2010-01-22 08:58:12,113 [4] DEBUG NHibernate.Type.GuidType - returning '3fa34735-1e79-449c-bf83-9d060093d1c9' as column: Id0_
2010-01-22 08:58:12,115 [4] DEBUG NHibernate.Loader.Loader - result row: EntityKey[Core.Visitor#3fa34735-1e79-449c-bf83-9d060093d1c9]
2010-01-22 08:58:12,118 [4] DEBUG NHibernate.Loader.Loader - done processing result set (1 rows)
2010-01-22 08:58:12,118 [4] DEBUG NHibernate.Driver.NHybridDataReader - running NHybridDataReader.Dispose()
2010-01-22 08:58:12,118 [4] DEBUG NHibernate.AdoNet.AbstractBatcher - Closed IDataReader, open IDataReaders :0
2010-01-22 08:58:12,118 [4] DEBUG NHibernate.AdoNet.AbstractBatcher - DataReader was closed after 10 ms
2010-01-22 08:58:12,118 [4] DEBUG NHibernate.AdoNet.AbstractBatcher - Closed IDbCommand, open IDbCommands: 0
2010-01-22 08:58:12,122 [4] DEBUG NHibernate.Loader.Loader - total objects hydrated: 0
2010-01-22 08:58:12,123 [4] DEBUG NHibernate.Engine.StatefulPersistenceContext - initializing non-lazy collections
2010-01-22 08:58:13,447 [4] DEBUG NHibernate.Transaction.AdoTransaction - Start Commit
2010-01-22 08:58:13,448 [4] DEBUG NHibernate.Event.Default.AbstractFlushingEventListener - flushing session
2010-01-22 08:58:13,448 [4] DEBUG NHibernate.Event.Default.AbstractFlushingEventListener - processing flush-time cascades
2010-01-22 08:58:13,448 [4] DEBUG NHibernate.Event.Default.AbstractFlushingEventListener - dirty checking collections
2010-01-22 08:58:13,448 [4] DEBUG NHibernate.Event.Default.AbstractFlushingEventListener - Flushing entities and processing referenced collections
2010-01-22 08:58:13,449 [4] DEBUG NHibernate.Event.Default.AbstractFlushingEventListener - Processing unreferenced collections
2010-01-22 08:58:13,449 [4] DEBUG NHibernate.Event.Default.AbstractFlushingEventListener - Scheduling collection removes/(re)creates/updates
2010-01-22 08:58:13,449 [4] DEBUG NHibernate.Event.Default.AbstractFlushingEventListener - Flushed: 0 insertions, 0 updates, 0 deletions to 1 objects
2010-01-22 08:58:13,449 [4] DEBUG NHibernate.Event.Default.AbstractFlushingEventListener - Flushed: 0 (re)creations, 0 updates, 0 removals to 0 collections
2010-01-22 08:58:13,449 [4] DEBUG NHibernate.Impl.Printer - listing entities:
2010-01-22 08:58:13,449 [4] DEBUG NHibernate.Impl.Printer - Core.Visitor{'Id'='3fa34735-1e79-449c-bf83-9d060093d1c9', 'PathAndQuerystring'='/', 'LoginName'='Jeffrey-PC\Jeffrey', 'Browser'='Mozilla/4.0 (compatible; MSIE 8.0; Windows NT 6.1; WOW64; Trident/4.0; SLCC2; .NET CLR 2.0.50727; .NET CLR 3.5.30729; .NET CLR 3.0.30729; Media Center PC 6.0; OfficeLiveConnector.1.4; OfficeLivePatch.1.3; MS-RTC LM 8)', 'VisitDate'='1/22/2010 8:58:11 AM', 'IpAddress'='127.0.0.1'}
2010-01-22 08:58:13,449 [4] DEBUG NHibernate.Event.Default.AbstractFlushingEventListener - executing flush
2010-01-22 08:58:13,449 [4] DEBUG NHibernate.AdoNet.ConnectionManager - registering flush begin
2010-01-22 08:58:13,449 [4] DEBUG NHibernate.AdoNet.ConnectionManager - registering flush end
2010-01-22 08:58:13,450 [4] DEBUG NHibernate.Event.Default.AbstractFlushingEventListener - post flush
2010-01-22 08:58:13,450 [4] DEBUG NHibernate.Impl.SessionImpl - before transaction completion
2010-01-22 08:58:13,461 [4] DEBUG NHibernate.Transaction.AdoTransaction - IDbTransaction Committed
2010-01-22 08:58:13,461 [4] DEBUG NHibernate.Impl.SessionImpl - transaction completion
2010-01-22 08:58:13,462 [4] DEBUG NHibernate.AdoNet.ConnectionManager - aggressively releasing database connection
2010-01-22 08:58:13,462 [4] DEBUG NHibernate.Connection.ConnectionProvider - Closing connection
2010-01-22 08:58:13,464 [4] DEBUG NHibernate.Transaction.AdoTransaction - IDbTransaction disposed.
2010-01-22 08:58:13,464 [4] DEBUG NHibernate.Impl.SessionImpl - [session-id=576ef5b5-7490-47fb-bff5-4a03be65d7f6] running ISession.Dispose()
2010-01-22 08:58:13,465 [4] DEBUG NHibernate.Impl.SessionImpl - [session-id=576ef5b5-7490-47fb-bff5-4a03be65d7f6] executing real Dispose(True)
2010-01-22 08:58:13,466 [4] DEBUG NHibernate.Impl.SessionImpl - closing session
2010-01-22 08:58:13,466 [4] DEBUG NHibernate.AdoNet.AbstractBatcher - running BatcherImpl.Dispose(true)
2010-01-22 08:58:13,517 [4] DEBUG NHibernate.Impl.SessionImpl - [session-id=d1fd5fe1-a2c4-4987-9dec-0227dcc0a6cc] opened session at timestamp:633997474935
2010-01-22 08:58:13,517 [4] DEBUG NHibernate.Transaction.AdoTransaction - Begin (Unspecified)
2010-01-22 08:58:13,518 [4] DEBUG NHibernate.Connection.DriverConnectionProvider - Obtaining IDbConnection from Driver
2010-01-22 08:58:13,527 [4] DEBUG NHibernate.Transaction.AdoTransaction - Start Commit
2010-01-22 08:58:13,527 [4] DEBUG NHibernate.Impl.SessionImpl - before transaction completion
2010-01-22 08:58:13,528 [4] DEBUG NHibernate.Transaction.AdoTransaction - IDbTransaction Committed
2010-01-22 08:58:13,528 [4] DEBUG NHibernate.Impl.SessionImpl - transaction completion
2010-01-22 08:58:13,528 [4] DEBUG NHibernate.AdoNet.ConnectionManager - aggressively releasing database connection
2010-01-22 08:58:13,528 [4] DEBUG NHibernate.Connection.ConnectionProvider - Closing connection
2010-01-22 08:58:13,528 [4] DEBUG NHibernate.Transaction.AdoTransaction - IDbTransaction disposed.
2010-01-22 08:58:13,528 [4] DEBUG NHibernate.Impl.SessionImpl - [session-id=d1fd5fe1-a2c4-4987-9dec-0227dcc0a6cc] running ISession.Dispose()
2010-01-22 08:58:13,528 [4] DEBUG NHibernate.Impl.SessionImpl - [session-id=d1fd5fe1-a2c4-4987-9dec-0227dcc0a6cc] executing real Dispose(True)
2010-01-22 08:58:13,528 [4] DEBUG NHibernate.Impl.SessionImpl - closing session
2010-01-22 08:58:13,528 [4] DEBUG NHibernate.AdoNet.AbstractBatcher - running BatcherImpl.Dispose(true)
